c:\users\lars erik s paulsen\documents\visual studio 2015\projects\toggler 2\toggler 2\debug\toggler 2.pch.codeanalysis
c:\users\lars erik s paulsen\documents\visual studio 2015\projects\toggler 2\toggler 2\debug\vc140.pdb
c:\users\lars erik s paulsen\documents\visual studio 2015\projects\toggler 2\toggler 2\debug\vc140.idb
c:\users\lars erik s paulsen\documents\visual studio 2015\projects\toggler 2\toggler 2\debug\toggler 2.pch.codeanalysisast
c:\users\lars erik s paulsen\documents\visual studio 2015\projects\toggler 2\toggler 2\debug\stdafx.nativecodeanalysis.xml
c:\users\lars erik s paulsen\documents\visual studio 2015\projects\toggler 2\toggler 2\debug\stdafx.obj
c:\users\lars erik s paulsen\documents\visual studio 2015\projects\toggler 2\toggler 2\debug\toggler 2.nativecodeanalysis.xml
c:\users\lars erik s paulsen\documents\visual studio 2015\projects\toggler 2\toggler 2\debug\toggler 2.obj
c:\users\lars erik s paulsen\documents\visual studio 2015\projects\toggler 2\debug\toggler 2.ilk
c:\users\lars erik s paulsen\documents\visual studio 2015\projects\toggler 2\debug\toggler 2.exe
c:\users\lars erik s paulsen\documents\visual studio 2015\projects\toggler 2\debug\toggler 2.pdb
c:\users\lars erik s paulsen\documents\visual studio 2015\projects\toggler 2\toggler 2\debug\nativecodeanalysis.read.1.tlog
c:\users\lars erik s paulsen\documents\visual studio 2015\projects\toggler 2\toggler 2\debug\vc.nativecodeanalysis.all.xml
c:\users\lars erik s paulsen\documents\visual studio 2015\projects\toggler 2\debug\toggler 2.exe.lastcodeanalysissucceeded
c:\users\lars erik s paulsen\documents\visual studio 2015\projects\toggler 2\toggler 2\debug\toggler 2.tlog\cl.command.1.tlog
c:\users\lars erik s paulsen\documents\visual studio 2015\projects\toggler 2\toggler 2\debug\toggler 2.tlog\cl.read.1.tlog
c:\users\lars erik s paulsen\documents\visual studio 2015\projects\toggler 2\toggler 2\debug\toggler 2.tlog\cl.write.1.tlog
c:\users\lars erik s paulsen\documents\visual studio 2015\projects\toggler 2\toggler 2\debug\toggler 2.tlog\link.command.1.tlog
c:\users\lars erik s paulsen\documents\visual studio 2015\projects\toggler 2\toggler 2\debug\toggler 2.tlog\link.read.1.tlog
c:\users\lars erik s paulsen\documents\visual studio 2015\projects\toggler 2\toggler 2\debug\toggler 2.tlog\link.write.1.tlog
